SF:lib\main.dart
DA:5,0
DA:6,0
DA:10,2
DA:12,1
DA:14,1
DA:16,1
LF:6
LH:4
end_of_record
SF:lib\components\composer_bar\composer_bar.dart
DA:6,0
DA:8,0
DA:10,0
DA:11,0
DA:12,0
DA:15,0
DA:16,0
DA:17,0
DA:18,0
DA:19,0
DA:20,0
DA:25,0
DA:26,0
DA:27,0
DA:28,0
LF:15
LH:0
end_of_record
SF:lib\components\folder_card\folder_card.dart
DA:8,2
DA:10,1
DA:12,1
DA:13,1
DA:14,3
DA:15,7
DA:16,1
LF:7
LH:7
end_of_record
SF:lib\models\folder_model.dart
DA:9,1
DA:10,0
DA:11,1
LF:3
LH:2
end_of_record
SF:lib\components\note_card\note_card.dart
DA:7,0
DA:9,0
DA:11,0
DA:12,0
DA:13,0
DA:14,0
LF:6
LH:0
end_of_record
SF:lib\models\note_model.dart
DA:9,1
DA:10,1
LF:2
LH:2
end_of_record
SF:lib\components\page_card\page_card.dart
DA:9,0
DA:11,0
DA:13,0
DA:14,0
DA:15,0
DA:16,0
DA:17,0
DA:18,0
LF:8
LH:0
end_of_record
SF:lib\components\top_bar\top_bar.dart
DA:8,2
DA:10,1
DA:12,1
DA:14,1
DA:15,1
DA:16,7
DA:17,1
DA:19,4
DA:21,3
DA:22,0
DA:23,0
DA:24,0
DA:31,1
LF:13
LH:10
end_of_record
SF:lib\core\theme\app_theme.dart
DA:5,3
LF:1
LH:1
end_of_record
SF:lib\screens\notes\notes_home.dart
DA:9,1
DA:11,1
DA:13,1
DA:14,1
DA:15,1
DA:17,1
DA:18,1
DA:19,4
DA:20,0
DA:22,1
DA:25,1
DA:26,3
DA:28,0
DA:30,0
DA:31,0
DA:32,1
LF:16
LH:12
end_of_record
SF:lib\models\page_model.dart
DA:8,1
LF:1
LH:1
end_of_record
SF:lib\repositories\notes_repository.dart
DA:10,1
DA:11,1
DA:14,1
DA:15,1
DA:16,1
DA:18,2
DA:19,2
DA:20,2
DA:23,2
DA:25,0
DA:27,0
DA:28,0
DA:30,0
LF:13
LH:9
end_of_record
SF:lib\screens\notes\add_note_screen.dart
DA:4,1
DA:6,0
DA:8,0
DA:9,0
DA:10,0
DA:11,0
DA:13,0
DA:14,0
DA:15,0
DA:17,0
LF:10
LH:1
end_of_record
SF:lib\screens\notes\all_pages_screen.dart
DA:7,1
DA:9,0
DA:11,0
DA:12,0
DA:13,0
DA:14,0
DA:15,0
DA:17,0
DA:18,0
DA:19,0
DA:20,0
DA:21,0
DA:23,0
DA:26,0
DA:28,0
LF:15
LH:1
end_of_record
SF:lib\screens\notes\page_folders_screen.dart
DA:8,0
DA:10,0
DA:12,0
DA:13,0
DA:14,0
DA:15,0
DA:16,0
LF:7
LH:0
end_of_record
SF:lib\screens\notes\folder_notes_screen.dart
DA:11,0
DA:13,0
DA:15,0
DA:16,0
DA:17,0
DA:18,0
DA:19,0
DA:20,0
DA:21,0
DA:22,0
DA:25,0
DA:26,0
LF:12
LH:0
end_of_record
